  [1m[35m (2.1ms)[0m  [1m[34mSELECT sqlite_version(*)[0m
  [1m[35m (0.1ms)[0m  [1m[34mSELECT sqlite_version(*)[0m
  [1m[35m (0.1ms)[0m  [1m[34mSELECT sqlite_version(*)[0m
  [1m[35m (0.9ms)[0m  [1m[34mSELECT sqlite_version(*)[0m
  [1m[35m (3.5ms)[0m  [1m[35mCREATE TABLE "schema_migrations" ("version" varchar NOT NULL PRIMARY KEY)[0m
  [1m[35m (1.0ms)[0m  [1m[35mCREATE TABLE "ar_internal_metadata" ("key" varchar NOT NULL PRIMARY KEY, "value" varchar, "created_at" datetime(6) NOT NULL, "updated_at" datetime(6) NOT NULL)[0m
  [1m[36mActiveRecord::InternalMetadata Load (0.2ms)[0m  [1m[34mSELECT "ar_internal_metadata".* FROM "ar_internal_metadata" WHERE "ar_internal_metadata"."key" = ? LIMIT ?[0m  [["key", "environment"], ["LIMIT", 1]]
  [1m[35m (0.0ms)[0m  [1m[36mbegin transaction[0m
  [1m[36mActiveRecord::InternalMetadata Create (0.3ms)[0m  [1m[32mINSERT INTO "ar_internal_metadata" ("key", "value", "created_at", "updated_at") VALUES (?, ?, ?, ?)[0m  [["key", "environment"], ["value", "development"], ["created_at", "2020-02-28 18:02:43.573420"], ["updated_at", "2020-02-28 18:02:43.573420"]]
  [1m[35m (0.8ms)[0m  [1m[36mcommit transaction[0m
  [1m[35m (0.0ms)[0m  [1m[34mSELECT sqlite_version(*)[0m
  [1m[35m (0.1ms)[0m  [1m[34mSELECT "schema_migrations"."version" FROM "schema_migrations" ORDER BY "schema_migrations"."version" ASC[0m
Started GET "/" for ::1 at 2020-02-28 13:03:52 -0500
  [1m[35m (1.4ms)[0m  [1m[34mSELECT sqlite_version(*)[0m
Processing by Rails::WelcomeController#index as HTML
  Rendering /Users/diegomedina/.rbenv/versions/2.5.1/lib/ruby/gems/2.5.0/gems/railties-6.0.2.1/lib/rails/templates/rails/welcome/index.html.erb
  Rendered /Users/diegomedina/.rbenv/versions/2.5.1/lib/ruby/gems/2.5.0/gems/railties-6.0.2.1/lib/rails/templates/rails/welcome/index.html.erb (Duration: 23.3ms | Allocations: 484)
Completed 200 OK in 44ms (Views: 29.4ms | ActiveRecord: 0.0ms | Allocations: 2925)


Started GET "/" for ::1 at 2020-02-28 14:12:28 -0500
  [1m[35m (2.2ms)[0m  [1m[34mSELECT sqlite_version(*)[0m
Processing by HomeController#index as HTML
  Rendering home/index.html.erb within layouts/application
  Rendered home/index.html.erb within layouts/application (Duration: 2.5ms | Allocations: 373)
[Webpacker] Compiling...
[Webpacker] Compiled all packs in /Users/diegomedina/Clones/calendly-shipit-poc-demo/public/packs
[Webpacker] Hash: 32e57f147dbdcbbf0c82
Version: webpack 4.41.6
Time: 3395ms
Built at: 02/28/2020 2:12:35 PM
                                     Asset       Size       Chunks                         Chunk Names
    js/application-bbe9c4a129ab949e0636.js    124 KiB  application  [emitted] [immutable]  application
js/application-bbe9c4a129ab949e0636.js.map    139 KiB  application  [emitted] [dev]        application
                             manifest.json  364 bytes               [emitted]              
Entrypoint application = js/application-bbe9c4a129ab949e0636.js js/application-bbe9c4a129ab949e0636.js.map
[./app/javascript/channels sync recursive _channel\.js$] ./app/javascript/channels sync _channel\.js$ 160 bytes {application} [built]
[./app/javascript/channels/index.js] 211 bytes {application} [built]
[./app/javascript/packs/application.js] 749 bytes {application} [built]
[./node_modules/webpack/buildin/module.js] (webpack)/buildin/module.js 552 bytes {application} [built]
    + 3 hidden modules

Completed 200 OK in 6773ms (Views: 6761.0ms | ActiveRecord: 0.0ms | Allocations: 21076)


Started GET "/" for ::1 at 2020-02-28 14:13:14 -0500
Processing by HomeController#index as HTML
  Rendering home/index.html.erb within layouts/application
  Rendered home/index.html.erb within layouts/application (Duration: 2.3ms | Allocations: 97)
[Webpacker] Everything's up-to-date. Nothing to do
Completed 200 OK in 33ms (Views: 27.3ms | ActiveRecord: 0.0ms | Allocations: 5334)


